Using TensorFlow backend.
/users/PAS2671/kabir36/.conda/envs/ns_project_2/lib/python3.6/site-packages/tensorflow/python/framework/dtypes.py:516: FutureWarning: Passing (type, 1) or '1type' as a synonym of type is deprecated; in a future version of numpy, it will be understood as (type, (1,)) / '(1,)type'.
  _np_qint8 = np.dtype([("qint8", np.int8, 1)])
/users/PAS2671/kabir36/.conda/envs/ns_project_2/lib/python3.6/site-packages/tensorflow/python/framework/dtypes.py:517: FutureWarning: Passing (type, 1) or '1type' as a synonym of type is deprecated; in a future version of numpy, it will be understood as (type, (1,)) / '(1,)type'.
  _np_quint8 = np.dtype([("quint8", np.uint8, 1)])
/users/PAS2671/kabir36/.conda/envs/ns_project_2/lib/python3.6/site-packages/tensorflow/python/framework/dtypes.py:518: FutureWarning: Passing (type, 1) or '1type' as a synonym of type is deprecated; in a future version of numpy, it will be understood as (type, (1,)) / '(1,)type'.
  _np_qint16 = np.dtype([("qint16", np.int16, 1)])
/users/PAS2671/kabir36/.conda/envs/ns_project_2/lib/python3.6/site-packages/tensorflow/python/framework/dtypes.py:519: FutureWarning: Passing (type, 1) or '1type' as a synonym of type is deprecated; in a future version of numpy, it will be understood as (type, (1,)) / '(1,)type'.
  _np_quint16 = np.dtype([("quint16", np.uint16, 1)])
/users/PAS2671/kabir36/.conda/envs/ns_project_2/lib/python3.6/site-packages/tensorflow/python/framework/dtypes.py:520: FutureWarning: Passing (type, 1) or '1type' as a synonym of type is deprecated; in a future version of numpy, it will be understood as (type, (1,)) / '(1,)type'.
  _np_qint32 = np.dtype([("qint32", np.int32, 1)])
/users/PAS2671/kabir36/.conda/envs/ns_project_2/lib/python3.6/site-packages/tensorflow/python/framework/dtypes.py:525: FutureWarning: Passing (type, 1) or '1type' as a synonym of type is deprecated; in a future version of numpy, it will be understood as (type, (1,)) / '(1,)type'.
  np_resource = np.dtype([("resource", np.ubyte, 1)])
/users/PAS2671/kabir36/.conda/envs/ns_project_2/lib/python3.6/site-packages/tensorboard/compat/tensorflow_stub/dtypes.py:541: FutureWarning: Passing (type, 1) or '1type' as a synonym of type is deprecated; in a future version of numpy, it will be understood as (type, (1,)) / '(1,)type'.
  _np_qint8 = np.dtype([("qint8", np.int8, 1)])
/users/PAS2671/kabir36/.conda/envs/ns_project_2/lib/python3.6/site-packages/tensorboard/compat/tensorflow_stub/dtypes.py:542: FutureWarning: Passing (type, 1) or '1type' as a synonym of type is deprecated; in a future version of numpy, it will be understood as (type, (1,)) / '(1,)type'.
  _np_quint8 = np.dtype([("quint8", np.uint8, 1)])
/users/PAS2671/kabir36/.conda/envs/ns_project_2/lib/python3.6/site-packages/tensorboard/compat/tensorflow_stub/dtypes.py:543: FutureWarning: Passing (type, 1) or '1type' as a synonym of type is deprecated; in a future version of numpy, it will be understood as (type, (1,)) / '(1,)type'.
  _np_qint16 = np.dtype([("qint16", np.int16, 1)])
/users/PAS2671/kabir36/.conda/envs/ns_project_2/lib/python3.6/site-packages/tensorboard/compat/tensorflow_stub/dtypes.py:544: FutureWarning: Passing (type, 1) or '1type' as a synonym of type is deprecated; in a future version of numpy, it will be understood as (type, (1,)) / '(1,)type'.
  _np_quint16 = np.dtype([("quint16", np.uint16, 1)])
/users/PAS2671/kabir36/.conda/envs/ns_project_2/lib/python3.6/site-packages/tensorboard/compat/tensorflow_stub/dtypes.py:545: FutureWarning: Passing (type, 1) or '1type' as a synonym of type is deprecated; in a future version of numpy, it will be understood as (type, (1,)) / '(1,)type'.
  _np_qint32 = np.dtype([("qint32", np.int32, 1)])
/users/PAS2671/kabir36/.conda/envs/ns_project_2/lib/python3.6/site-packages/tensorboard/compat/tensorflow_stub/dtypes.py:550: FutureWarning: Passing (type, 1) or '1type' as a synonym of type is deprecated; in a future version of numpy, it will be understood as (type, (1,)) / '(1,)type'.
  np_resource = np.dtype([("resource", np.ubyte, 1)])
WARNING:tensorflow:From /users/PAS2671/kabir36/.conda/envs/ns_project_2/lib/python3.6/site-packages/tensorflow/python/ops/math_grad.py:1250: add_dispatch_support.<locals>.wrapper (from tensorflow.python.ops.array_ops) is deprecated and will be removed in a future version.
Instructions for updating:
Use tf.where in 2.0, which has the same broadcast rule as np.where
2025-04-16 02:08:22.700219: I tensorflow/core/platform/cpu_feature_guard.cc:142] Your CPU supports instructions that this TensorFlow binary was not compiled to use: AVX2 AVX512F FMA
2025-04-16 02:08:22.712739: I tensorflow/core/platform/profile_utils/cpu_utils.cc:94] CPU Frequency: 2000000000 Hz
2025-04-16 02:08:22.713022: I tensorflow/compiler/xla/service/service.cc:168] XLA service 0x55ea733496d0 executing computations on platform Host. Devices:
2025-04-16 02:08:22.713046: I tensorflow/compiler/xla/service/service.cc:175]   StreamExecutor device (0): <undefined>, <undefined>
2025-04-16 02:08:22.896111: W tensorflow/compiler/jit/mark_for_compilation_pass.cc:1412] (One-time warning): Not using XLA:CPU for cluster because envvar TF_XLA_FLAGS=--tf_xla_cpu_global_jit was not set.  If you want XLA:CPU, either set that envvar, or use experimental_jit_scope to enable XLA:CPU.  To confirm that XLA is active, pass --vmodule=xla_compilation_cache=1 (as a proper command-line flag, not via TF_XLA_FLAGS) or set the envvar XLA_FLAGS=--xla_hlo_profile.
WARNING:tensorflow:From /users/PAS2671/kabir36/.conda/envs/ns_project_2/lib/python3.6/site-packages/keras/backend/tensorflow_backend.py:422: The name tf.global_variables is deprecated. Please use tf.compat.v1.global_variables instead.

******************** DAP ********************
**********  round  0
load and test: shapes for train and test, X/Y
(26555, 315)
(26555, 2)
(5345, 315)
(5345, 2)
(26555, 8, 25)
(26555, 14)
(26555, 100)
(26555,)
Model: "model_1"
__________________________________________________________________________________________________
Layer (type)                    Output Shape         Param #     Connected to                     
==================================================================================================
geo_code (InputLayer)           (None, 1)            0                                            
__________________________________________________________________________________________________
main_input (InputLayer)         (None, 8, 25)        0                                            
__________________________________________________________________________________________________
embedding_1 (Embedding)         (None, 1, 128)       119680      geo_code[0][0]                   
__________________________________________________________________________________________________
lstm_1 (LSTM)                   (None, 8, 128)       78848       main_input[0][0]                 
__________________________________________________________________________________________________
geohash_input (InputLayer)      (None, 14)           0                                            
__________________________________________________________________________________________________
nlp_input (InputLayer)          (None, 100)          0                                            
__________________________________________________________________________________________________
flatten_1 (Flatten)             (None, 128)          0           embedding_1[0][0]                
__________________________________________________________________________________________________
lstm_2 (LSTM)                   (None, 128)          131584      lstm_1[0][0]                     
__________________________________________________________________________________________________
dense_1 (Dense)                 (None, 128)          1920        geohash_input[0][0]              
__________________________________________________________________________________________________
dense_2 (Dense)                 (None, 128)          12928       nlp_input[0][0]                  
__________________________________________________________________________________________________
dense_3 (Dense)                 (None, 128)          16512       flatten_1[0][0]                  
__________________________________________________________________________________________________
concatenate_1 (Concatenate)     (None, 512)          0           lstm_2[0][0]                     
                                                                 dense_1[0][0]                    
                                                                 dense_2[0][0]                    
                                                                 dense_3[0][0]                    
__________________________________________________________________________________________________
dense_4 (Dense)                 (None, 512)          262656      concatenate_1[0][0]              
__________________________________________________________________________________________________
dense_5 (Dense)                 (None, 256)          131328      dense_4[0][0]                    
__________________________________________________________________________________________________
batch_normalization_1 (BatchNor (None, 256)          1024        dense_5[0][0]                    
__________________________________________________________________________________________________
activation_1 (Activation)       (None, 256)          0           batch_normalization_1[0][0]      
__________________________________________________________________________________________________
dropout_1 (Dropout)             (None, 256)          0           activation_1[0][0]               
__________________________________________________________________________________________________
dense_6 (Dense)                 (None, 64)           16448       dropout_1[0][0]                  
__________________________________________________________________________________________________
batch_normalization_2 (BatchNor (None, 64)           256         dense_6[0][0]                    
__________________________________________________________________________________________________
activation_2 (Activation)       (None, 64)           0           batch_normalization_2[0][0]      
__________________________________________________________________________________________________
dense_7 (Dense)                 (None, 2)            130         activation_2[0][0]               
==================================================================================================
Total params: 773,314
Trainable params: 772,674
Non-trainable params: 640
__________________________________________________________________________________________________
None
tracking <tf.Variable 'Variable:0' shape=() dtype=int32> tp
tracking <tf.Variable 'Variable_1:0' shape=() dtype=int32> fp
tracking <tf.Variable 'Variable_2:0' shape=() dtype=int32> tp
tracking <tf.Variable 'Variable_3:0' shape=() dtype=int32> fn
Train on 21244 samples, validate on 5311 samples
Epoch 1/60
 - 5s - loss: 0.3618 - f1_score: 0.1727 - val_loss: 0.1713 - val_f1_score: 0.0000e+00
Epoch 2/60
 - 3s - loss: 0.2927 - f1_score: 0.1934 - val_loss: 0.0628 - val_f1_score: 0.0000e+00
Epoch 3/60
 - 3s - loss: 0.2871 - f1_score: 0.2748 - val_loss: 0.0842 - val_f1_score: 0.0000e+00
Epoch 4/60
 - 3s - loss: 0.2846 - f1_score: 0.2506 - val_loss: 0.1766 - val_f1_score: 0.0070
Epoch 5/60
 - 3s - loss: 0.2807 - f1_score: 0.2467 - val_loss: 0.0628 - val_f1_score: 0.0000e+00
Epoch 6/60
 - 3s - loss: 0.2794 - f1_score: 0.2687 - val_loss: 0.2307 - val_f1_score: 0.0000e+00
Epoch 7/60
 - 3s - loss: 0.2777 - f1_score: 0.3014 - val_loss: 0.1255 - val_f1_score: 0.0000e+00
Epoch 8/60
 - 3s - loss: 0.2776 - f1_score: 0.3056 - val_loss: 0.0747 - val_f1_score: 0.0000e+00
Epoch 9/60
 - 3s - loss: 0.2770 - f1_score: 0.2388 - val_loss: 0.1405 - val_f1_score: 0.0000e+00
Epoch 10/60
 - 3s - loss: 0.2774 - f1_score: 0.2913 - val_loss: 0.1773 - val_f1_score: 0.0000e+00
Epoch 11/60
 - 3s - loss: 0.2771 - f1_score: 0.2939 - val_loss: 0.1559 - val_f1_score: 0.0000e+00
Epoch 12/60
 - 3s - loss: 0.2759 - f1_score: 0.3132 - val_loss: 0.1094 - val_f1_score: 0.0000e+00
Epoch 13/60
 - 3s - loss: 0.2755 - f1_score: 0.3365 - val_loss: 0.1044 - val_f1_score: 0.0000e+00
Epoch 14/60
 - 3s - loss: 0.2767 - f1_score: 0.3148 - val_loss: 0.1115 - val_f1_score: 0.0000e+00
Epoch 15/60
 - 3s - loss: 0.2756 - f1_score: 0.3076 - val_loss: 0.1123 - val_f1_score: 0.0000e+00
Epoch 16/60
 - 3s - loss: 0.2735 - f1_score: 0.3197 - val_loss: 0.1167 - val_f1_score: 0.0000e+00
Epoch 17/60
 - 3s - loss: 0.2741 - f1_score: 0.2964 - val_loss: 0.0851 - val_f1_score: 0.0000e+00
Epoch 18/60
 - 3s - loss: 0.2741 - f1_score: 0.3027 - val_loss: 0.1184 - val_f1_score: 0.0000e+00
Epoch 19/60
 - 3s - loss: 0.2740 - f1_score: 0.3019 - val_loss: 0.1394 - val_f1_score: 0.0000e+00
                     0           1    micro avg    macro avg  weighted avg
index                                                                     
precision     0.915789    0.508642     0.884939     0.712216      0.868410
recall        0.957866    0.331190     0.884939     0.644528      0.884939
f1-score      0.936355    0.401168     0.884939     0.668762      0.874075
support    4723.000000  622.000000  5345.000000  5345.000000   5345.000000
auc           0.864575    0.864575     0.954851     0.864905           NaN
******************** DAP ********************
**********  round  1
load and test: shapes for train and test, X/Y
(26555, 315)
(26555, 2)
(5345, 315)
(5345, 2)
(26555, 8, 25)
(26555, 14)
(26555, 100)
(26555,)
Model: "model_2"
__________________________________________________________________________________________________
Layer (type)                    Output Shape         Param #     Connected to                     
==================================================================================================
geo_code (InputLayer)           (None, 1)            0                                            
__________________________________________________________________________________________________
main_input (InputLayer)         (None, 8, 25)        0                                            
__________________________________________________________________________________________________
embedding_2 (Embedding)         (None, 1, 128)       119680      geo_code[0][0]                   
__________________________________________________________________________________________________
lstm_3 (LSTM)                   (None, 8, 128)       78848       main_input[0][0]                 
__________________________________________________________________________________________________
geohash_input (InputLayer)      (None, 14)           0                                            
__________________________________________________________________________________________________
nlp_input (InputLayer)          (None, 100)          0                                            
__________________________________________________________________________________________________
flatten_2 (Flatten)             (None, 128)          0           embedding_2[0][0]                
__________________________________________________________________________________________________
lstm_4 (LSTM)                   (None, 128)          131584      lstm_3[0][0]                     
__________________________________________________________________________________________________
dense_8 (Dense)                 (None, 128)          1920        geohash_input[0][0]              
__________________________________________________________________________________________________
dense_9 (Dense)                 (None, 128)          12928       nlp_input[0][0]                  
__________________________________________________________________________________________________
dense_10 (Dense)                (None, 128)          16512       flatten_2[0][0]                  
__________________________________________________________________________________________________
concatenate_2 (Concatenate)     (None, 512)          0           lstm_4[0][0]                     
                                                                 dense_8[0][0]                    
                                                                 dense_9[0][0]                    
                                                                 dense_10[0][0]                   
__________________________________________________________________________________________________
dense_11 (Dense)                (None, 512)          262656      concatenate_2[0][0]              
__________________________________________________________________________________________________
dense_12 (Dense)                (None, 256)          131328      dense_11[0][0]                   
__________________________________________________________________________________________________
batch_normalization_3 (BatchNor (None, 256)          1024        dense_12[0][0]                   
__________________________________________________________________________________________________
activation_3 (Activation)       (None, 256)          0           batch_normalization_3[0][0]      
__________________________________________________________________________________________________
dropout_2 (Dropout)             (None, 256)          0           activation_3[0][0]               
__________________________________________________________________________________________________
dense_13 (Dense)                (None, 64)           16448       dropout_2[0][0]                  
__________________________________________________________________________________________________
batch_normalization_4 (BatchNor (None, 64)           256         dense_13[0][0]                   
__________________________________________________________________________________________________
activation_4 (Activation)       (None, 64)           0           batch_normalization_4[0][0]      
__________________________________________________________________________________________________
dense_14 (Dense)                (None, 2)            130         activation_4[0][0]               
==================================================================================================
Total params: 773,314
Trainable params: 772,674
Non-trainable params: 640
__________________________________________________________________________________________________
None
tracking <tf.Variable 'Variable_5:0' shape=() dtype=int32> tp
tracking <tf.Variable 'Variable_6:0' shape=() dtype=int32> fp
tracking <tf.Variable 'Variable_7:0' shape=() dtype=int32> tp
tracking <tf.Variable 'Variable_8:0' shape=() dtype=int32> fn
Train on 21244 samples, validate on 5311 samples
Epoch 1/60
 - 5s - loss: 0.3322 - f1_score: 0.1807 - val_loss: 1.5977 - val_f1_score: 0.0185
Epoch 2/60
 - 3s - loss: 0.2904 - f1_score: 0.2430 - val_loss: 0.4751 - val_f1_score: 0.0160
Epoch 3/60
 - 3s - loss: 0.2868 - f1_score: 0.2647 - val_loss: 0.1328 - val_f1_score: 0.0000e+00
Epoch 4/60
 - 3s - loss: 0.2822 - f1_score: 0.2648 - val_loss: 0.0635 - val_f1_score: 0.0000e+00
Epoch 5/60
 - 3s - loss: 0.2812 - f1_score: 0.2291 - val_loss: 0.2142 - val_f1_score: 0.0235
Epoch 6/60
 - 3s - loss: 0.2814 - f1_score: 0.2603 - val_loss: 0.0962 - val_f1_score: 0.0000e+00
Epoch 7/60
 - 3s - loss: 0.2791 - f1_score: 0.2467 - val_loss: 0.1245 - val_f1_score: 0.0000e+00
Epoch 8/60
 - 3s - loss: 0.2777 - f1_score: 0.2983 - val_loss: 0.1521 - val_f1_score: 0.0000e+00
Epoch 9/60
 - 3s - loss: 0.2789 - f1_score: 0.2975 - val_loss: 0.1903 - val_f1_score: 0.0039
Epoch 10/60
 - 3s - loss: 0.2768 - f1_score: 0.2608 - val_loss: 0.1278 - val_f1_score: 0.0000e+00
Epoch 11/60
 - 3s - loss: 0.2789 - f1_score: 0.3007 - val_loss: 0.1862 - val_f1_score: 0.0000e+00
Epoch 12/60
 - 3s - loss: 0.2761 - f1_score: 0.3011 - val_loss: 0.0930 - val_f1_score: 0.0000e+00
Epoch 13/60
 - 3s - loss: 0.2754 - f1_score: 0.3321 - val_loss: 0.1417 - val_f1_score: 0.0000e+00
Epoch 14/60
 - 3s - loss: 0.2750 - f1_score: 0.3228 - val_loss: 0.0707 - val_f1_score: 0.0000e+00
Epoch 15/60
 - 3s - loss: 0.2756 - f1_score: 0.3179 - val_loss: 0.1775 - val_f1_score: 0.0000e+00
Epoch 16/60
 - 3s - loss: 0.2753 - f1_score: 0.2924 - val_loss: 0.1066 - val_f1_score: 0.0000e+00
Epoch 17/60
 - 3s - loss: 0.2747 - f1_score: 0.2711 - val_loss: 0.0897 - val_f1_score: 0.0000e+00
Epoch 18/60
 - 3s - loss: 0.2754 - f1_score: 0.3093 - val_loss: 0.1081 - val_f1_score: 0.0000e+00
Epoch 19/60
 - 3s - loss: 0.2750 - f1_score: 0.3198 - val_loss: 0.1371 - val_f1_score: 0.0000e+00
Epoch 20/60
 - 3s - loss: 0.2720 - f1_score: 0.3436 - val_loss: 0.1168 - val_f1_score: 0.0000e+00
                     0           1    micro avg    macro avg  weighted avg
index                                                                     
precision     0.936156    0.468975     0.875585     0.702566      0.881790
recall        0.922083    0.522508     0.875585     0.722296      0.875585
f1-score      0.929067    0.494297     0.875585     0.711682      0.878472
support    4723.000000  622.000000  5345.000000  5345.000000   5345.000000
auc           0.873904    0.873904     0.950079     0.874232           NaN
******************** DAP ********************
**********  round  2
load and test: shapes for train and test, X/Y
(26555, 315)
(26555, 2)
(5345, 315)
(5345, 2)
(26555, 8, 25)
(26555, 14)
(26555, 100)
(26555,)
Model: "model_3"
__________________________________________________________________________________________________
Layer (type)                    Output Shape         Param #     Connected to                     
==================================================================================================
geo_code (InputLayer)           (None, 1)            0                                            
__________________________________________________________________________________________________
main_input (InputLayer)         (None, 8, 25)        0                                            
__________________________________________________________________________________________________
embedding_3 (Embedding)         (None, 1, 128)       119680      geo_code[0][0]                   
__________________________________________________________________________________________________
lstm_5 (LSTM)                   (None, 8, 128)       78848       main_input[0][0]                 
__________________________________________________________________________________________________
geohash_input (InputLayer)      (None, 14)           0                                            
__________________________________________________________________________________________________
nlp_input (InputLayer)          (None, 100)          0                                            
__________________________________________________________________________________________________
flatten_3 (Flatten)             (None, 128)          0           embedding_3[0][0]                
__________________________________________________________________________________________________
lstm_6 (LSTM)                   (None, 128)          131584      lstm_5[0][0]                     
__________________________________________________________________________________________________
dense_15 (Dense)                (None, 128)          1920        geohash_input[0][0]              
__________________________________________________________________________________________________
dense_16 (Dense)                (None, 128)          12928       nlp_input[0][0]                  
__________________________________________________________________________________________________
dense_17 (Dense)                (None, 128)          16512       flatten_3[0][0]                  
__________________________________________________________________________________________________
concatenate_3 (Concatenate)     (None, 512)          0           lstm_6[0][0]                     
                                                                 dense_15[0][0]                   
                                                                 dense_16[0][0]                   
                                                                 dense_17[0][0]                   
__________________________________________________________________________________________________
dense_18 (Dense)                (None, 512)          262656      concatenate_3[0][0]              
__________________________________________________________________________________________________
dense_19 (Dense)                (None, 256)          131328      dense_18[0][0]                   
__________________________________________________________________________________________________
batch_normalization_5 (BatchNor (None, 256)          1024        dense_19[0][0]                   
__________________________________________________________________________________________________
activation_5 (Activation)       (None, 256)          0           batch_normalization_5[0][0]      
__________________________________________________________________________________________________
dropout_3 (Dropout)             (None, 256)          0           activation_5[0][0]               
__________________________________________________________________________________________________
dense_20 (Dense)                (None, 64)           16448       dropout_3[0][0]                  
__________________________________________________________________________________________________
batch_normalization_6 (BatchNor (None, 64)           256         dense_20[0][0]                   
__________________________________________________________________________________________________
activation_6 (Activation)       (None, 64)           0           batch_normalization_6[0][0]      
__________________________________________________________________________________________________
dense_21 (Dense)                (None, 2)            130         activation_6[0][0]               
==================================================================================================
Total params: 773,314
Trainable params: 772,674
Non-trainable params: 640
__________________________________________________________________________________________________
None
tracking <tf.Variable 'Variable_10:0' shape=() dtype=int32> tp
tracking <tf.Variable 'Variable_11:0' shape=() dtype=int32> fp
tracking <tf.Variable 'Variable_12:0' shape=() dtype=int32> tp
tracking <tf.Variable 'Variable_13:0' shape=() dtype=int32> fn
Train on 21244 samples, validate on 5311 samples
Epoch 1/60
 - 5s - loss: 0.3444 - f1_score: 0.1492 - val_loss: 0.1099 - val_f1_score: 0.0000e+00
Epoch 2/60
 - 3s - loss: 0.2954 - f1_score: 0.1822 - val_loss: 0.2801 - val_f1_score: 0.0000e+00
Epoch 3/60
 - 3s - loss: 0.2924 - f1_score: 0.1971 - val_loss: 0.1046 - val_f1_score: 0.0000e+00
Epoch 4/60
 - 3s - loss: 0.2876 - f1_score: 0.2048 - val_loss: 0.0963 - val_f1_score: 0.0000e+00
Epoch 5/60
 - 3s - loss: 0.2837 - f1_score: 0.2591 - val_loss: 0.3160 - val_f1_score: 0.0230
Epoch 6/60
 - 3s - loss: 0.2821 - f1_score: 0.2665 - val_loss: 0.0819 - val_f1_score: 0.0000e+00
Epoch 7/60
 - 3s - loss: 0.2816 - f1_score: 0.2339 - val_loss: 0.2351 - val_f1_score: 0.0452
Epoch 8/60
 - 3s - loss: 0.2798 - f1_score: 0.2628 - val_loss: 0.1446 - val_f1_score: 0.0000e+00
Epoch 9/60
 - 3s - loss: 0.2795 - f1_score: 0.2680 - val_loss: 0.1826 - val_f1_score: 0.0060
Epoch 10/60
 - 3s - loss: 0.2765 - f1_score: 0.2412 - val_loss: 0.1054 - val_f1_score: 0.0000e+00
Epoch 11/60
 - 3s - loss: 0.2790 - f1_score: 0.2719 - val_loss: 0.1333 - val_f1_score: 0.0000e+00
Epoch 12/60
 - 3s - loss: 0.2772 - f1_score: 0.3113 - val_loss: 0.0724 - val_f1_score: 0.0000e+00
Epoch 13/60
 - 3s - loss: 0.2757 - f1_score: 0.2741 - val_loss: 0.1533 - val_f1_score: 0.0066
Epoch 14/60
 - 3s - loss: 0.2766 - f1_score: 0.3145 - val_loss: 0.0646 - val_f1_score: 0.0000e+00
Epoch 15/60
 - 3s - loss: 0.2772 - f1_score: 0.2666 - val_loss: 0.1238 - val_f1_score: 0.0000e+00
Epoch 16/60
 - 3s - loss: 0.2762 - f1_score: 0.2770 - val_loss: 0.1014 - val_f1_score: 0.0000e+00
Epoch 17/60
 - 3s - loss: 0.2756 - f1_score: 0.3035 - val_loss: 0.1501 - val_f1_score: 0.0000e+00
Epoch 18/60
 - 3s - loss: 0.2750 - f1_score: 0.3055 - val_loss: 0.0898 - val_f1_score: 0.0000e+00
Epoch 19/60
 - 3s - loss: 0.2767 - f1_score: 0.3089 - val_loss: 0.1381 - val_f1_score: 0.0000e+00
Epoch 20/60
 - 3s - loss: 0.2734 - f1_score: 0.3041 - val_loss: 0.1197 - val_f1_score: 0.0000e+00
Epoch 21/60
 - 3s - loss: 0.2741 - f1_score: 0.2831 - val_loss: 0.1014 - val_f1_score: 0.0000e+00
Epoch 22/60
 - 3s - loss: 0.2744 - f1_score: 0.3152 - val_loss: 0.1032 - val_f1_score: 0.0000e+00
                     0           1    micro avg    macro avg  weighted avg
index                                                                     
precision     0.941471    0.471295     0.875585     0.706383      0.886756
recall        0.916155    0.567524     0.875585     0.741840      0.875585
f1-score      0.928640    0.514953     0.875585     0.721797      0.880499
support    4723.000000  622.000000  5345.000000  5345.000000   5345.000000
auc           0.869182    0.869182     0.947935     0.869486           NaN
